0 info it worked if it ends with ok
1 verbose cli [ '/usr/local/Cellar/node/7.7.1/bin/node',
1 verbose cli   '/usr/local/bin/npm',
1 verbose cli   'install',
1 verbose cli   'node' ]
2 info using npm@4.1.2
3 info using node@v7.7.1
4 silly loadCurrentTree Starting
5 silly install loadCurrentTree
6 silly install readLocalPackageData
7 silly fetchPackageMetaData node
8 silly fetchNamedPackageData node
9 silly mapToRegistry name node
10 silly mapToRegistry using default registry
11 silly mapToRegistry registry https://registry.npmjs.org/
12 silly mapToRegistry data Result {
12 silly mapToRegistry   raw: 'node',
12 silly mapToRegistry   scope: null,
12 silly mapToRegistry   escapedName: 'node',
12 silly mapToRegistry   name: 'node',
12 silly mapToRegistry   rawSpec: '',
12 silly mapToRegistry   spec: 'latest',
12 silly mapToRegistry   type: 'tag' }
13 silly mapToRegistry uri https://registry.npmjs.org/node
14 verbose request uri https://registry.npmjs.org/node
15 verbose request no auth needed
16 info attempt registry request try #1 at 18:03:38
17 verbose request id b3fd8d2faeaf97ad
18 http request GET https://registry.npmjs.org/node
19 http 200 https://registry.npmjs.org/node
20 verbose headers { server: 'nginx/1.10.1',
20 verbose headers   'content-type': 'application/json',
20 verbose headers   'last-modified': 'Sat, 25 Nov 2017 21:00:39 GMT',
20 verbose headers   etag: 'W/"5a19d9f7-51791"',
20 verbose headers   'content-encoding': 'gzip',
20 verbose headers   'cache-control': 'max-age=300',
20 verbose headers   'content-length': '53805',
20 verbose headers   'accept-ranges': 'bytes',
20 verbose headers   date: 'Sun, 26 Nov 2017 17:03:38 GMT',
20 verbose headers   via: '1.1 varnish',
20 verbose headers   age: '0',
20 verbose headers   connection: 'keep-alive',
20 verbose headers   'x-served-by': 'cache-lhr6327-LHR',
20 verbose headers   'x-cache': 'HIT',
20 verbose headers   'x-cache-hits': '1',
20 verbose headers   'x-timer': 'S1511715819.879083,VS0,VE74',
20 verbose headers   vary: 'Accept-Encoding, Accept' }
21 silly get cb [ 200,
21 silly get   { server: 'nginx/1.10.1',
21 silly get     'content-type': 'application/json',
21 silly get     'last-modified': 'Sat, 25 Nov 2017 21:00:39 GMT',
21 silly get     etag: 'W/"5a19d9f7-51791"',
21 silly get     'content-encoding': 'gzip',
21 silly get     'cache-control': 'max-age=300',
21 silly get     'content-length': '53805',
21 silly get     'accept-ranges': 'bytes',
21 silly get     date: 'Sun, 26 Nov 2017 17:03:38 GMT',
21 silly get     via: '1.1 varnish',
21 silly get     age: '0',
21 silly get     connection: 'keep-alive',
21 silly get     'x-served-by': 'cache-lhr6327-LHR',
21 silly get     'x-cache': 'HIT',
21 silly get     'x-cache-hits': '1',
21 silly get     'x-timer': 'S1511715819.879083,VS0,VE74',
21 silly get     vary: 'Accept-Encoding, Accept' } ]
22 verbose get saving node to /Users/ericgerman/.npm/registry.npmjs.org/node/.cache.json
23 verbose correctMkdir /Users/ericgerman/.npm correctMkdir not in flight; initializing
24 silly install normalizeTree
25 silly loadCurrentTree Finishing
26 silly loadIdealTree Starting
27 silly install loadIdealTree
28 silly cloneCurrentTree Starting
29 silly install cloneCurrentTreeToIdealTree
30 silly cloneCurrentTree Finishing
31 silly loadShrinkwrap Starting
32 silly install loadShrinkwrap
33 silly loadShrinkwrap Finishing
34 silly loadAllDepsIntoIdealTree Starting
35 silly install loadAllDepsIntoIdealTree
36 silly resolveWithNewModule node@9.2.0 checking installable status
37 silly cache add args [ 'node', null ]
38 verbose cache add spec node
39 silly cache add parsed spec Result {
39 silly cache add   raw: 'node',
39 silly cache add   scope: null,
39 silly cache add   escapedName: 'node',
39 silly cache add   name: 'node',
39 silly cache add   rawSpec: '',
39 silly cache add   spec: 'latest',
39 silly cache add   type: 'tag' }
40 silly addNamed node@latest
41 verbose addNamed "latest" is being treated as a dist-tag for node
42 info addNameTag [ 'node', 'latest' ]
43 silly mapToRegistry name node
44 silly mapToRegistry using default registry
45 silly mapToRegistry registry https://registry.npmjs.org/
46 silly mapToRegistry data Result {
46 silly mapToRegistry   raw: 'node',
46 silly mapToRegistry   scope: null,
46 silly mapToRegistry   escapedName: 'node',
46 silly mapToRegistry   name: 'node',
46 silly mapToRegistry   rawSpec: '',
46 silly mapToRegistry   spec: 'latest',
46 silly mapToRegistry   type: 'tag' }
47 silly mapToRegistry uri https://registry.npmjs.org/node
48 verbose addNameTag registry:https://registry.npmjs.org/node not in flight; fetching
49 verbose get https://registry.npmjs.org/node not expired, no request
50 silly addNameTag next cb for node with tag latest
51 silly addNamed node@9.2.0
52 verbose addNamed "9.2.0" is a plain semver version for node
53 silly mapToRegistry name node
54 silly mapToRegistry using default registry
55 silly mapToRegistry registry https://registry.npmjs.org/
56 silly mapToRegistry data Result {
56 silly mapToRegistry   raw: 'node',
56 silly mapToRegistry   scope: null,
56 silly mapToRegistry   escapedName: 'node',
56 silly mapToRegistry   name: 'node',
56 silly mapToRegistry   rawSpec: '',
56 silly mapToRegistry   spec: 'latest',
56 silly mapToRegistry   type: 'tag' }
57 silly mapToRegistry uri https://registry.npmjs.org/node
58 verbose addRemoteTarball https://registry.npmjs.org/node/-/node-9.2.0.tgz not in flight; adding
59 verbose addRemoteTarball [ 'https://registry.npmjs.org/node/-/node-9.2.0.tgz',
59 verbose addRemoteTarball   '1d2171051dbc1856f993bb0dc72fbfdf4b9c9e62' ]
60 info retry fetch attempt 1 at 18:03:39
61 info attempt registry request try #1 at 18:03:39
62 http fetch GET https://registry.npmjs.org/node/-/node-9.2.0.tgz
63 http fetch 200 https://registry.npmjs.org/node/-/node-9.2.0.tgz
64 silly fetchAndShaCheck shasum 1d2171051dbc1856f993bb0dc72fbfdf4b9c9e62
65 verbose addTmpTarball /var/folders/7y/801ykzc15ms70h15r0v1ww100000gn/T/npm-3187-8ed8331d/registry.npmjs.org/node/-/node-9.2.0.tgz not in flight; adding
66 verbose addTmpTarball already have metadata; skipping unpack for node@9.2.0
67 verbose correctMkdir /Users/ericgerman/.npm correctMkdir not in flight; initializing
68 silly cache afterAdd node@9.2.0
69 verbose afterAdd /Users/ericgerman/.npm/node/9.2.0/package/package.json not in flight; writing
70 verbose correctMkdir /Users/ericgerman/.npm correctMkdir not in flight; initializing
71 verbose afterAdd /Users/ericgerman/.npm/node/9.2.0/package/package.json written
72 silly fetchNamedPackageData node-bin-setup
73 silly mapToRegistry name node-bin-setup
74 silly mapToRegistry using default registry
75 silly mapToRegistry registry https://registry.npmjs.org/
76 silly mapToRegistry data Result {
76 silly mapToRegistry   raw: 'node-bin-setup',
76 silly mapToRegistry   scope: null,
76 silly mapToRegistry   escapedName: 'node-bin-setup',
76 silly mapToRegistry   name: 'node-bin-setup',
76 silly mapToRegistry   rawSpec: '',
76 silly mapToRegistry   spec: 'latest',
76 silly mapToRegistry   type: 'tag' }
77 silly mapToRegistry uri https://registry.npmjs.org/node-bin-setup
78 verbose request uri https://registry.npmjs.org/node-bin-setup
79 verbose request no auth needed
80 info attempt registry request try #1 at 18:03:39
81 http request GET https://registry.npmjs.org/node-bin-setup
82 http 200 https://registry.npmjs.org/node-bin-setup
83 verbose headers { server: 'nginx/1.10.1',
83 verbose headers   'content-type': 'application/json',
83 verbose headers   'last-modified': 'Tue, 25 Jul 2017 03:32:58 GMT',
83 verbose headers   etag: 'W/"5976bbea-1511"',
83 verbose headers   'content-encoding': 'gzip',
83 verbose headers   'cache-control': 'max-age=300',
83 verbose headers   'content-length': '1464',
83 verbose headers   'accept-ranges': 'bytes',
83 verbose headers   date: 'Sun, 26 Nov 2017 17:03:39 GMT',
83 verbose headers   via: '1.1 varnish',
83 verbose headers   age: '0',
83 verbose headers   connection: 'keep-alive',
83 verbose headers   'x-served-by': 'cache-lhr6327-LHR',
83 verbose headers   'x-cache': 'HIT',
83 verbose headers   'x-cache-hits': '1',
83 verbose headers   'x-timer': 'S1511715819.347942,VS0,VE18',
83 verbose headers   vary: 'Accept-Encoding, Accept' }
84 silly get cb [ 200,
84 silly get   { server: 'nginx/1.10.1',
84 silly get     'content-type': 'application/json',
84 silly get     'last-modified': 'Tue, 25 Jul 2017 03:32:58 GMT',
84 silly get     etag: 'W/"5976bbea-1511"',
84 silly get     'content-encoding': 'gzip',
84 silly get     'cache-control': 'max-age=300',
84 silly get     'content-length': '1464',
84 silly get     'accept-ranges': 'bytes',
84 silly get     date: 'Sun, 26 Nov 2017 17:03:39 GMT',
84 silly get     via: '1.1 varnish',
84 silly get     age: '0',
84 silly get     connection: 'keep-alive',
84 silly get     'x-served-by': 'cache-lhr6327-LHR',
84 silly get     'x-cache': 'HIT',
84 silly get     'x-cache-hits': '1',
84 silly get     'x-timer': 'S1511715819.347942,VS0,VE18',
84 silly get     vary: 'Accept-Encoding, Accept' } ]
85 verbose get saving node-bin-setup to /Users/ericgerman/.npm/registry.npmjs.org/node-bin-setup/.cache.json
86 verbose correctMkdir /Users/ericgerman/.npm correctMkdir not in flight; initializing
87 silly pickManifestFromRegistryMetadata spec >=1.0.0 <2.0.0 tag latest versions [ '1.0.0', '1.0.1', '1.0.2', '1.0.3', '1.0.4', '1.0.6' ]
88 silly resolveWithNewModule node-bin-setup@1.0.6 checking installable status
89 silly cache add args [ 'node-bin-setup@^1.0.0', null ]
90 verbose cache add spec node-bin-setup@^1.0.0
91 silly cache add parsed spec Result {
91 silly cache add   raw: 'node-bin-setup@^1.0.0',
91 silly cache add   scope: null,
91 silly cache add   escapedName: 'node-bin-setup',
91 silly cache add   name: 'node-bin-setup',
91 silly cache add   rawSpec: '^1.0.0',
91 silly cache add   spec: '>=1.0.0 <2.0.0',
91 silly cache add   type: 'range' }
92 silly addNamed node-bin-setup@>=1.0.0 <2.0.0
93 verbose addNamed ">=1.0.0 <2.0.0" is a valid semver range for node-bin-setup
94 silly addNameRange { name: 'node-bin-setup',
94 silly addNameRange   range: '>=1.0.0 <2.0.0',
94 silly addNameRange   hasData: false }
95 silly mapToRegistry name node-bin-setup
96 silly mapToRegistry using default registry
97 silly mapToRegistry registry https://registry.npmjs.org/
98 silly mapToRegistry data Result {
98 silly mapToRegistry   raw: 'node-bin-setup',
98 silly mapToRegistry   scope: null,
98 silly mapToRegistry   escapedName: 'node-bin-setup',
98 silly mapToRegistry   name: 'node-bin-setup',
98 silly mapToRegistry   rawSpec: '',
98 silly mapToRegistry   spec: 'latest',
98 silly mapToRegistry   type: 'tag' }
99 silly mapToRegistry uri https://registry.npmjs.org/node-bin-setup
100 verbose addNameRange registry:https://registry.npmjs.org/node-bin-setup not in flight; fetching
101 verbose get https://registry.npmjs.org/node-bin-setup not expired, no request
102 silly addNameRange number 2 { name: 'node-bin-setup',
102 silly addNameRange   range: '>=1.0.0 <2.0.0',
102 silly addNameRange   hasData: true }
103 silly addNameRange versions [ 'node-bin-setup',
103 silly addNameRange   [ '1.0.0', '1.0.1', '1.0.2', '1.0.3', '1.0.4', '1.0.6' ] ]
104 silly pickManifestFromRegistryMetadata spec >=1.0.0 <2.0.0 tag latest versions [ '1.0.0', '1.0.1', '1.0.2', '1.0.3', '1.0.4', '1.0.6' ]
105 silly addNamed node-bin-setup@latest
106 verbose addNamed "latest" is being treated as a dist-tag for node-bin-setup
107 info addNameTag [ 'node-bin-setup', 'latest' ]
108 silly mapToRegistry name node-bin-setup
109 silly mapToRegistry using default registry
110 silly mapToRegistry registry https://registry.npmjs.org/
111 silly mapToRegistry data Result {
111 silly mapToRegistry   raw: 'node-bin-setup',
111 silly mapToRegistry   scope: null,
111 silly mapToRegistry   escapedName: 'node-bin-setup',
111 silly mapToRegistry   name: 'node-bin-setup',
111 silly mapToRegistry   rawSpec: '',
111 silly mapToRegistry   spec: 'latest',
111 silly mapToRegistry   type: 'tag' }
112 silly mapToRegistry uri https://registry.npmjs.org/node-bin-setup
113 verbose addNameTag registry:https://registry.npmjs.org/node-bin-setup already in flight; waiting
114 silly addNameTag next cb for node-bin-setup with tag latest
115 silly addNamed node-bin-setup@1.0.6
116 verbose addNamed "1.0.6" is a plain semver version for node-bin-setup
117 silly mapToRegistry name node-bin-setup
118 silly mapToRegistry using default registry
119 silly mapToRegistry registry https://registry.npmjs.org/
120 silly mapToRegistry data Result {
120 silly mapToRegistry   raw: 'node-bin-setup',
120 silly mapToRegistry   scope: null,
120 silly mapToRegistry   escapedName: 'node-bin-setup',
120 silly mapToRegistry   name: 'node-bin-setup',
120 silly mapToRegistry   rawSpec: '',
120 silly mapToRegistry   spec: 'latest',
120 silly mapToRegistry   type: 'tag' }
121 silly mapToRegistry uri https://registry.npmjs.org/node-bin-setup
122 verbose addRemoteTarball https://registry.npmjs.org/node-bin-setup/-/node-bin-setup-1.0.6.tgz not in flight; adding
123 verbose addRemoteTarball [ 'https://registry.npmjs.org/node-bin-setup/-/node-bin-setup-1.0.6.tgz',
123 verbose addRemoteTarball   '4b5c9bb937ece702d7069b36ca78af4684677528' ]
124 info retry fetch attempt 1 at 18:03:39
125 info attempt registry request try #1 at 18:03:39
126 http fetch GET https://registry.npmjs.org/node-bin-setup/-/node-bin-setup-1.0.6.tgz
127 http fetch 200 https://registry.npmjs.org/node-bin-setup/-/node-bin-setup-1.0.6.tgz
128 silly fetchAndShaCheck shasum 4b5c9bb937ece702d7069b36ca78af4684677528
129 verbose addTmpTarball /var/folders/7y/801ykzc15ms70h15r0v1ww100000gn/T/npm-3187-8ed8331d/registry.npmjs.org/node-bin-setup/-/node-bin-setup-1.0.6.tgz not in flight; adding
130 verbose addTmpTarball already have metadata; skipping unpack for node-bin-setup@1.0.6
131 verbose correctMkdir /Users/ericgerman/.npm correctMkdir not in flight; initializing
132 silly cache afterAdd node-bin-setup@1.0.6
133 verbose afterAdd /Users/ericgerman/.npm/node-bin-setup/1.0.6/package/package.json not in flight; writing
134 verbose correctMkdir /Users/ericgerman/.npm correctMkdir not in flight; initializing
135 verbose afterAdd /Users/ericgerman/.npm/node-bin-setup/1.0.6/package/package.json written
136 silly loadAllDepsIntoIdealTree Finishing
137 silly loadIdealTree Finishing
138 silly currentTree stock94@0.0.0
138 silly currentTree ├── accepts@1.3.4
138 silly currentTree ├── array-flatten@1.1.1
138 silly currentTree ├── basic-auth@1.0.4
138 silly currentTree ├─┬ body-parser@1.16.1
138 silly currentTree │ └── debug@2.6.1
138 silly currentTree ├── buffer-writer@1.0.1
138 silly currentTree ├── bytes@2.4.0
138 silly currentTree ├── content-disposition@0.5.2
138 silly currentTree ├── content-type@1.0.4
138 silly currentTree ├── cookie-parser@1.4.3
138 silly currentTree ├── cookie-signature@1.0.6
138 silly currentTree ├── cookie@0.3.1
138 silly currentTree ├─┬ debug@2.6.9
138 silly currentTree │ └── ms@2.0.0
138 silly currentTree ├── depd@1.1.1
138 silly currentTree ├── destroy@1.0.4
138 silly currentTree ├── ee-first@1.1.1
138 silly currentTree ├── ejs@2.5.7
138 silly currentTree ├── encodeurl@1.0.1
138 silly currentTree ├── escape-html@1.0.3
138 silly currentTree ├── etag@1.7.0
138 silly currentTree ├─┬ express@4.14.1
138 silly currentTree │ ├── debug@2.2.0
138 silly currentTree │ ├── ms@0.7.1
138 silly currentTree │ └── qs@6.2.0
138 silly currentTree ├─┬ finalhandler@0.5.1
138 silly currentTree │ ├── debug@2.2.0
138 silly currentTree │ ├── ms@0.7.1
138 silly currentTree │ └── statuses@1.3.1
138 silly currentTree ├── forwarded@0.1.2
138 silly currentTree ├── fresh@0.3.0
138 silly currentTree ├── http-errors@1.5.1
138 silly currentTree ├── iconv-lite@0.4.15
138 silly currentTree ├── inherits@2.0.3
138 silly currentTree ├── ipaddr.js@1.4.0
138 silly currentTree ├── js-string-escape@1.0.1
138 silly currentTree ├── manakin@0.5.1
138 silly currentTree ├── media-typer@0.3.0
138 silly currentTree ├── merge-descriptors@1.0.1
138 silly currentTree ├── methods@1.1.2
138 silly currentTree ├── mime-db@1.30.0
138 silly currentTree ├── mime-types@2.1.17
138 silly currentTree ├── mime@1.3.4
138 silly currentTree ├─┬ morgan@1.7.0
138 silly currentTree │ ├── debug@2.2.0
138 silly currentTree │ └── ms@0.7.1
138 silly currentTree ├── ms@0.7.2
138 silly currentTree ├── negotiator@0.6.1
138 silly currentTree ├── on-finished@2.3.0
138 silly currentTree ├── on-headers@1.0.1
138 silly currentTree ├── packet-reader@0.3.1
138 silly currentTree ├── parseurl@1.3.2
138 silly currentTree ├── path-to-regexp@0.1.7
138 silly currentTree ├── pg-connection-string@0.1.3
138 silly currentTree ├── pg-minify@0.5.3
138 silly currentTree ├── pg-pool@2.0.3
138 silly currentTree ├── pg-promise@7.3.2
138 silly currentTree ├── pg-types@1.12.1
138 silly currentTree ├── pg@7.4.0
138 silly currentTree ├── pgpass@1.0.2
138 silly currentTree ├── postgres-array@1.0.2
138 silly currentTree ├── postgres-bytea@1.0.0
138 silly currentTree ├── postgres-date@1.0.3
138 silly currentTree ├── postgres-interval@1.1.1
138 silly currentTree ├── proxy-addr@1.1.5
138 silly currentTree ├── qs@6.2.1
138 silly currentTree ├── range-parser@1.2.0
138 silly currentTree ├── raw-body@2.2.0
138 silly currentTree ├── semver@4.3.2
138 silly currentTree ├─┬ send@0.14.2
138 silly currentTree │ ├─┬ debug@2.2.0
138 silly currentTree │ │ └── ms@0.7.1
138 silly currentTree │ └── statuses@1.3.1
138 silly currentTree ├── serve-favicon@2.3.2
138 silly currentTree ├── serve-static@1.11.2
138 silly currentTree ├── setprototypeof@1.0.2
138 silly currentTree ├── spex@2.0.1
138 silly currentTree ├── split@1.0.1
138 silly currentTree ├── statuses@1.4.0
138 silly currentTree ├── through@2.3.8
138 silly currentTree ├── type-is@1.6.15
138 silly currentTree ├── unpipe@1.0.0
138 silly currentTree ├── utils-merge@1.0.0
138 silly currentTree ├── vary@1.1.2
138 silly currentTree └── xtend@4.0.1
139 silly idealTree stock94@0.0.0
139 silly idealTree ├── accepts@1.3.4
139 silly idealTree ├── array-flatten@1.1.1
139 silly idealTree ├── basic-auth@1.0.4
139 silly idealTree ├─┬ body-parser@1.16.1
139 silly idealTree │ └── debug@2.6.1
139 silly idealTree ├── buffer-writer@1.0.1
139 silly idealTree ├── bytes@2.4.0
139 silly idealTree ├── content-disposition@0.5.2
139 silly idealTree ├── content-type@1.0.4
139 silly idealTree ├── cookie-parser@1.4.3
139 silly idealTree ├── cookie-signature@1.0.6
139 silly idealTree ├── cookie@0.3.1
139 silly idealTree ├─┬ debug@2.6.9
139 silly idealTree │ └── ms@2.0.0
139 silly idealTree ├── depd@1.1.1
139 silly idealTree ├── destroy@1.0.4
139 silly idealTree ├── ee-first@1.1.1
139 silly idealTree ├── ejs@2.5.7
139 silly idealTree ├── encodeurl@1.0.1
139 silly idealTree ├── escape-html@1.0.3
139 silly idealTree ├── etag@1.7.0
139 silly idealTree ├─┬ express@4.14.1
139 silly idealTree │ ├── debug@2.2.0
139 silly idealTree │ ├── ms@0.7.1
139 silly idealTree │ └── qs@6.2.0
139 silly idealTree ├─┬ finalhandler@0.5.1
139 silly idealTree │ ├── debug@2.2.0
139 silly idealTree │ ├── ms@0.7.1
139 silly idealTree │ └── statuses@1.3.1
139 silly idealTree ├── forwarded@0.1.2
139 silly idealTree ├── fresh@0.3.0
139 silly idealTree ├── http-errors@1.5.1
139 silly idealTree ├── iconv-lite@0.4.15
139 silly idealTree ├── inherits@2.0.3
139 silly idealTree ├── ipaddr.js@1.4.0
139 silly idealTree ├── js-string-escape@1.0.1
139 silly idealTree ├── manakin@0.5.1
139 silly idealTree ├── media-typer@0.3.0
139 silly idealTree ├── merge-descriptors@1.0.1
139 silly idealTree ├── methods@1.1.2
139 silly idealTree ├── mime-db@1.30.0
139 silly idealTree ├── mime-types@2.1.17
139 silly idealTree ├── mime@1.3.4
139 silly idealTree ├─┬ morgan@1.7.0
139 silly idealTree │ ├── debug@2.2.0
139 silly idealTree │ └── ms@0.7.1
139 silly idealTree ├── ms@0.7.2
139 silly idealTree ├── negotiator@0.6.1
139 silly idealTree ├── node-bin-setup@1.0.6
139 silly idealTree ├── node@9.2.0
139 silly idealTree ├── on-finished@2.3.0
139 silly idealTree ├── on-headers@1.0.1
139 silly idealTree ├── packet-reader@0.3.1
139 silly idealTree ├── parseurl@1.3.2
139 silly idealTree ├── path-to-regexp@0.1.7
139 silly idealTree ├── pg-connection-string@0.1.3
139 silly idealTree ├── pg-minify@0.5.3
139 silly idealTree ├── pg-pool@2.0.3
139 silly idealTree ├── pg-promise@7.3.2
139 silly idealTree ├── pg-types@1.12.1
139 silly idealTree ├── pg@7.4.0
139 silly idealTree ├── pgpass@1.0.2
139 silly idealTree ├── postgres-array@1.0.2
139 silly idealTree ├── postgres-bytea@1.0.0
139 silly idealTree ├── postgres-date@1.0.3
139 silly idealTree ├── postgres-interval@1.1.1
139 silly idealTree ├── proxy-addr@1.1.5
139 silly idealTree ├── qs@6.2.1
139 silly idealTree ├── range-parser@1.2.0
139 silly idealTree ├── raw-body@2.2.0
139 silly idealTree ├── semver@4.3.2
139 silly idealTree ├─┬ send@0.14.2
139 silly idealTree │ ├─┬ debug@2.2.0
139 silly idealTree │ │ └── ms@0.7.1
139 silly idealTree │ └── statuses@1.3.1
139 silly idealTree ├── serve-favicon@2.3.2
139 silly idealTree ├── serve-static@1.11.2
139 silly idealTree ├── setprototypeof@1.0.2
139 silly idealTree ├── spex@2.0.1
139 silly idealTree ├── split@1.0.1
139 silly idealTree ├── statuses@1.4.0
139 silly idealTree ├── through@2.3.8
139 silly idealTree ├── type-is@1.6.15
139 silly idealTree ├── unpipe@1.0.0
139 silly idealTree ├── utils-merge@1.0.0
139 silly idealTree ├── vary@1.1.2
139 silly idealTree └── xtend@4.0.1
140 silly generateActionsToTake Starting
141 silly install generateActionsToTake
142 silly generateActionsToTake Finishing
143 silly diffTrees action count 2
144 silly diffTrees add node-bin-setup@1.0.6
145 silly diffTrees add node@9.2.0
146 silly decomposeActions action count 16
147 silly decomposeActions fetch node-bin-setup@1.0.6
148 silly decomposeActions extract node-bin-setup@1.0.6
149 silly decomposeActions test node-bin-setup@1.0.6
150 silly decomposeActions preinstall node-bin-setup@1.0.6
151 silly decomposeActions build node-bin-setup@1.0.6
152 silly decomposeActions install node-bin-setup@1.0.6
153 silly decomposeActions postinstall node-bin-setup@1.0.6
154 silly decomposeActions finalize node-bin-setup@1.0.6
155 silly decomposeActions fetch node@9.2.0
156 silly decomposeActions extract node@9.2.0
157 silly decomposeActions test node@9.2.0
158 silly decomposeActions preinstall node@9.2.0
159 silly decomposeActions build node@9.2.0
160 silly decomposeActions install node@9.2.0
161 silly decomposeActions postinstall node@9.2.0
162 silly decomposeActions finalize node@9.2.0
163 silly runTopLevelLifecycles Starting
164 silly executeActions Starting
165 silly install executeActions
166 silly doSerial global-install 0
167 silly doParallel fetch 2
168 verbose correctMkdir /Users/ericgerman/.npm/_locks correctMkdir not in flight; initializing
169 verbose lock using /Users/ericgerman/.npm/_locks/staging-1acc99ba85260ae7.lock for /Users/ericgerman/GitHub/larem94/gestion_stock/node_modules/.staging
170 silly doParallel extract 2
171 silly extract node-bin-setup@1.0.6
172 silly extract node@9.2.0
173 verbose unbuild node_modules/.staging/node-bin-setup-66921e6e
174 verbose unbuild node_modules/.staging/node-fdeb8890
175 silly gentlyRm /Users/ericgerman/GitHub/larem94/gestion_stock/node_modules/.staging/node-bin-setup-66921e6e is being purged from base /Users/ericgerman/GitHub/larem94/gestion_stock
176 verbose gentlyRm don't care about contents; nuking /Users/ericgerman/GitHub/larem94/gestion_stock/node_modules/.staging/node-bin-setup-66921e6e
177 verbose tar unpack /Users/ericgerman/.npm/node-bin-setup/1.0.6/package.tgz
178 verbose tar unpacking to /Users/ericgerman/GitHub/larem94/gestion_stock/node_modules/.staging/node-bin-setup-66921e6e
179 silly gentlyRm /Users/ericgerman/GitHub/larem94/gestion_stock/node_modules/.staging/node-bin-setup-66921e6e is being purged
180 verbose gentlyRm don't care about contents; nuking /Users/ericgerman/GitHub/larem94/gestion_stock/node_modules/.staging/node-bin-setup-66921e6e
181 silly gentlyRm /Users/ericgerman/GitHub/larem94/gestion_stock/node_modules/.staging/node-fdeb8890 is being purged from base /Users/ericgerman/GitHub/larem94/gestion_stock
182 verbose gentlyRm don't care about contents; nuking /Users/ericgerman/GitHub/larem94/gestion_stock/node_modules/.staging/node-fdeb8890
183 silly gunzTarPerm modes [ '755', '644' ]
184 verbose tar unpack /Users/ericgerman/.npm/node/9.2.0/package.tgz
185 verbose tar unpacking to /Users/ericgerman/GitHub/larem94/gestion_stock/node_modules/.staging/node-fdeb8890
186 silly gentlyRm /Users/ericgerman/GitHub/larem94/gestion_stock/node_modules/.staging/node-fdeb8890 is being purged
187 verbose gentlyRm don't care about contents; nuking /Users/ericgerman/GitHub/larem94/gestion_stock/node_modules/.staging/node-fdeb8890
188 silly gunzTarPerm modes [ '755', '644' ]
189 silly gunzTarPerm extractEntry package.json
190 silly gunzTarPerm extractEntry package.json
191 silly gunzTarPerm extractEntry index.js
192 silly gunzTarPerm extractEntry installArchSpecificPackage.js
193 silly gunzTarPerm extractEntry README.md
194 silly gentlyRm /Users/ericgerman/GitHub/larem94/gestion_stock/node_modules/.staging/node-bin-setup-66921e6e/node_modules is being purged
195 verbose gentlyRm don't care about contents; nuking /Users/ericgerman/GitHub/larem94/gestion_stock/node_modules/.staging/node-bin-setup-66921e6e/node_modules
196 silly gentlyRm /Users/ericgerman/GitHub/larem94/gestion_stock/node_modules/.staging/node-fdeb8890/node_modules is being purged
197 verbose gentlyRm don't care about contents; nuking /Users/ericgerman/GitHub/larem94/gestion_stock/node_modules/.staging/node-fdeb8890/node_modules
198 silly doParallel preinstall 2
199 silly preinstall node-bin-setup@1.0.6
200 info lifecycle node-bin-setup@1.0.6~preinstall: node-bin-setup@1.0.6
201 silly preinstall node@9.2.0
202 info lifecycle node@9.2.0~preinstall: node@9.2.0
203 silly lifecycle node-bin-setup@1.0.6~preinstall: no script for preinstall, continuing
204 verbose lifecycle node@9.2.0~preinstall: unsafe-perm in lifecycle true
205 verbose lifecycle node@9.2.0~preinstall: PATH: /usr/local/lib/node_modules/npm/bin/node-gyp-bin:/Users/ericgerman/GitHub/larem94/gestion_stock/node_modules/.staging/node-fdeb8890/node_modules/.bin:/Users/ericgerman/GitHub/larem94/gestion_stock/node_modules/.bin:/Users/ericgerman/.rvm/gems/ruby-2.4.1/bin:/Users/ericgerman/.rvm/gems/ruby-2.4.1@global/bin:/Users/ericgerman/.rvm/rubies/ruby-2.4.1/bin:/Users/ericgerman/.rbenv/versions/2.1.3/bin:/Users/ericgerman/.rbenv/shims:/usr/local/bin:/usr/bin:/bin:/usr/sbin:/sbin:/Users/ericgerman/.rvm/bin
206 verbose lifecycle node@9.2.0~preinstall: CWD: /Users/ericgerman/GitHub/larem94/gestion_stock/node_modules/.staging/node-fdeb8890
207 silly lifecycle node@9.2.0~preinstall: Args: [ '-c', 'node installArchSpecificPackage' ]
208 silly lifecycle node@9.2.0~preinstall: Returned: code: 1  signal: null
209 info lifecycle node@9.2.0~preinstall: Failed to exec preinstall script
210 verbose unlock done using /Users/ericgerman/.npm/_locks/staging-1acc99ba85260ae7.lock for /Users/ericgerman/GitHub/larem94/gestion_stock/node_modules/.staging
211 silly rollbackFailedOptional Starting
212 silly rollbackFailedOptional Finishing
213 silly runTopLevelLifecycles Finishing
214 silly install printInstalled
215 verbose stack Error: node@9.2.0 preinstall: `node installArchSpecificPackage`
215 verbose stack Exit status 1
215 verbose stack     at EventEmitter.<anonymous> (/usr/local/lib/node_modules/npm/lib/utils/lifecycle.js:279:16)
215 verbose stack     at emitTwo (events.js:106:13)
215 verbose stack     at EventEmitter.emit (events.js:194:7)
215 verbose stack     at ChildProcess.<anonymous> (/usr/local/lib/node_modules/npm/lib/utils/spawn.js:40:14)
215 verbose stack     at emitTwo (events.js:106:13)
215 verbose stack     at ChildProcess.emit (events.js:194:7)
215 verbose stack     at maybeClose (internal/child_process.js:899:16)
215 verbose stack     at Process.ChildProcess._handle.onexit (internal/child_process.js:226:5)
216 verbose pkgid node@9.2.0
217 verbose cwd /Users/ericgerman/GitHub/larem94/gestion_stock
218 error Darwin 16.7.0
219 error argv "/usr/local/Cellar/node/7.7.1/bin/node" "/usr/local/bin/npm" "install" "node"
220 error node v7.7.1
221 error npm  v4.1.2
222 error code ELIFECYCLE
223 error node@9.2.0 preinstall: `node installArchSpecificPackage`
223 error Exit status 1
224 error Failed at the node@9.2.0 preinstall script 'node installArchSpecificPackage'.
224 error Make sure you have the latest version of node.js and npm installed.
224 error If you do, this is most likely a problem with the node package,
224 error not with npm itself.
224 error Tell the author that this fails on your system:
224 error     node installArchSpecificPackage
224 error You can get information on how to open an issue for this project with:
224 error     npm bugs node
224 error Or if that isn't available, you can get their info via:
224 error     npm owner ls node
224 error There is likely additional logging output above.
225 verbose exit [ 1, true ]
